\BOOKMARK [-1][-]{part.1}{\376\377\000I\000.\000\040\000T\036\325\000n\000g\000\040\000q\000u\000a\000n\000\040\000v\036\301\000\040\000k\000i\000n\000h\000\040\000t\036\277\000\040\000l\001\260\036\343\000n\000g\000\040\000v\000\340\000\040\000P\000y\000t\000h\000o\000n}{}% 1
\BOOKMARK [0][-]{chapter.1}{\376\377\000G\000i\036\333\000i\000\040\000t\000h\000i\036\307\000u\000\040\000k\000i\000n\000h\000\040\000t\036\277\000\040\000l\001\260\036\343\000n\000g\000\040\000v\000\340\000\040\000v\000a\000i\000\040\000t\000r\000\362\000\040\000c\036\347\000a\000\040\000P\000y\000t\000h\000o\000n}{part.1}% 2
\BOOKMARK [1][-]{section.1.1}{\376\377\000K\000i\000n\000h\000\040\000t\036\277\000\040\000l\001\260\036\343\000n\000g\000\040\000l\000\340\000\040\000g\000\354\000?}{chapter.1}% 3
\BOOKMARK [1][-]{section.1.2}{\376\377\000T\036\241\000i\000\040\000s\000a\000o\000\040\000s\036\355\000\040\000d\036\345\000n\000g\000\040\000P\000y\000t\000h\000o\000n\000\040\000t\000r\000o\000n\000g\000\040\000k\000i\000n\000h\000\040\000t\036\277\000\040\000l\001\260\036\343\000n\000g\000?}{chapter.1}% 4
\BOOKMARK [1][-]{section.1.3}{\376\377\000C\000\341\000c\000\040\000t\000h\001\260\000\040\000v\000i\036\307\000n\000\040\000q\000u\000a\000n\000\040\000t\000r\036\315\000n\000g}{chapter.1}% 5
\BOOKMARK [1][-]{section.1.4}{\376\377\000C\000\340\000i\000\040\001\021\036\267\000t\000\040\000m\000\364\000i\000\040\000t\000r\001\260\036\335\000n\000g\000\040\000l\000\340\000m\000\040\000v\000i\036\307\000c}{chapter.1}% 6
\BOOKMARK [2][-]{subsection.1.4.1}{\376\377\000C\000\340\000i\000\040\001\021\036\267\000t\000\040\000P\000y\000t\000h\000o\000n\000\040\000v\000\340\000\040\000A\000n\000a\000c\000o\000n\000d\000a}{section.1.4}% 7
\BOOKMARK [2][-]{subsection.1.4.2}{\376\377\000T\000h\000i\036\277\000t\000\040\000l\036\255\000p\000\040\000m\000\364\000i\000\040\000t\000r\001\260\036\335\000n\000g\000\040\000l\000\340\000m\000\040\000v\000i\036\307\000c\000\040\000b\036\261\000n\000g\000\040\000J\000u\000p\000y\000t\000e\000r\000\040\000N\000o\000t\000e\000b\000o\000o\000k}{section.1.4}% 8
\BOOKMARK [2][-]{subsection.1.4.3}{\376\377\000H\001\260\036\333\000n\000g\000\040\000d\036\253\000n\000\040\000c\000\340\000i\000\040\001\021\036\267\000t\000\040\000t\000h\001\260\000\040\000v\000i\036\307\000n}{section.1.4}% 9
\BOOKMARK [0][-]{chapter.2}{\376\377\000X\036\355\000\040\000l\000\375\000\040\000d\036\357\000\040\000l\000i\036\307\000u\000\040\000t\000r\000o\000n\000g\000\040\000k\000i\000n\000h\000\040\000t\036\277\000\040\000l\001\260\036\343\000n\000g}{part.1}% 10
\BOOKMARK [1][-]{section.2.1}{\376\377\000T\036\325\000n\000g\000\040\000q\000u\000a\000n\000\040\000v\036\301\000\040\000d\036\357\000\040\000l\000i\036\307\000u}{chapter.2}% 11
\BOOKMARK [2][-]{subsection.2.1.1}{\376\377\000K\000h\000\341\000i\000\040\000n\000i\036\307\000m}{section.2.1}% 12
\BOOKMARK [2][-]{subsection.2.1.2}{\376\377\000P\000h\000\342\000n\000\040\000l\000o\036\241\000i\000\040\000d\036\357\000\040\000l\000i\036\307\000u}{section.2.1}% 13
\BOOKMARK [2][-]{subsection.2.1.3}{\376\377\000D\036\357\000\040\000l\000i\036\307\000u\000\040\000t\000r\000o\000n\000g\000\040\000k\000i\000n\000h\000\040\000t\036\277\000\040\000l\001\260\036\343\000n\000g\000\040\000h\000i\036\307\000n\000\040\001\021\036\241\000i}{section.2.1}% 14
\BOOKMARK [1][-]{section.2.2}{\376\377\000C\000\341\000c\000\040\000p\000h\001\260\001\241\000n\000g\000\040\000p\000h\000\341\000p\000\040\001\021\000o\000\040\000l\001\260\036\335\000n\000g\000\040\000d\036\357\000\040\000l\000i\036\307\000u}{chapter.2}% 15
\BOOKMARK [2][-]{subsection.2.2.1}{\376\377\001\020\000o\000\040\000l\001\260\036\335\000n\000g\000\040\000m\036\351\000c\000\040\001\021\036\331\000\040\000t\036\255\000p\000\040\000t\000r\000u\000n\000g}{section.2.2}% 16
\BOOKMARK [2][-]{subsection.2.2.2}{\376\377\001\020\000o\000\040\000l\001\260\036\335\000n\000g\000\040\000m\036\351\000c\000\040\001\021\036\331\000\040\000p\000h\000\342\000n\000\040\000t\000\341\000n}{section.2.2}% 17
\BOOKMARK [2][-]{subsection.2.2.3}{\376\377\001\020\000o\000\040\000l\001\260\036\335\000n\000g\000\040\000h\000\354\000n\000h\000\040\000d\036\241\000n\000g\000\040\000p\000h\000\342\000n\000\040\000p\000h\036\321\000i\000\040\000d\036\357\000\040\000l\000i\036\307\000u}{section.2.2}% 18
\BOOKMARK [2][-]{subsection.2.2.4}{\376\377\001\020\000o\000\040\000l\001\260\036\335\000n\000g\000\040\000m\036\321\000i\000\040\000q\000u\000a\000n\000\040\000h\036\307\000\040\000g\000i\036\357\000a\000\040\000c\000\341\000c\000\040\000b\000i\036\277\000n}{section.2.2}% 19
\BOOKMARK [1][-]{section.2.3}{\376\377\000X\036\355\000\040\000l\000\375\000\040\000d\036\357\000\040\000l\000i\036\307\000u\000\040\000t\000r\000o\000n\000g\000\040\000k\000i\000n\000h\000\040\000t\036\277\000\040\000l\001\260\036\343\000n\000g}{chapter.2}% 20
\BOOKMARK [2][-]{subsection.2.3.1}{\376\377\001\020\036\313\000n\000h\000\040\000n\000g\000h\001\051\000a\000\040\000b\000\340\000i\000\040\000t\000o\000\341\000n}{section.2.3}% 21
\BOOKMARK [2][-]{subsection.2.3.2}{\376\377\000T\000h\000u\000\040\000t\000h\036\255\000p\000\040\000d\036\357\000\040\000l\000i\036\307\000u}{section.2.3}% 22
\BOOKMARK [2][-]{subsection.2.3.3}{\376\377\000X\036\355\000\040\000l\000\375\000\040\000d\036\357\000\040\000l\000i\036\307\000u}{section.2.3}% 23
\BOOKMARK [2][-]{subsection.2.3.4}{\376\377\000K\036\277\000t\000\040\000l\000u\036\255\000n}{section.2.3}% 24
\BOOKMARK [0][-]{chapter.3}{\376\377\000L\000u\036\255\000t\000\040\000p\000h\000\342\000n\000\040\000b\036\321\000\040\000x\000\341\000c\000\040\000s\000u\036\245\000t}{part.1}% 25
\BOOKMARK [1][-]{section.3.1}{\376\377\000G\000i\036\333\000i\000\040\000t\000h\000i\036\307\000u}{chapter.3}% 26
\BOOKMARK [1][-]{section.3.2}{\376\377\000C\000\341\000c\000\040\001\020\036\313\000n\000h\000\040\000N\000g\000h\001\051\000a\000\040\000C\001\241\000\040\000B\036\243\000n}{chapter.3}% 27
\BOOKMARK [2][-]{subsection.3.2.1}{\376\377\000B\000i\036\277\000n\000\040\000n\000g\036\253\000u\000\040\000n\000h\000i\000\352\000n}{section.3.2}% 28
\BOOKMARK [2][-]{subsection.3.2.2}{\376\377\000H\000\340\000m\000\040\000p\000h\000\342\000n\000\040\000b\036\321\000\040\000x\000\341\000c\000\040\000s\000u\036\245\000t\000\040\000\050\000C\000D\000F\000\040\000-\000\040\000C\000u\000m\000u\000l\000a\000t\000i\000v\000e\000\040\000D\000i\000s\000t\000r\000i\000b\000u\000t\000i\000o\000n\000\040\000F\000u\000n\000c\000t\000i\000o\000n\000\051}{section.3.2}% 29
\BOOKMARK [2][-]{subsection.3.2.3}{\376\377\000H\000\340\000m\000\040\000m\036\255\000t\000\040\001\021\036\331\000\040\000x\000\341\000c\000\040\000s\000u\036\245\000t\000\040\000\050\000P\000D\000F\000\040\000-\000\040\000P\000r\000o\000b\000a\000b\000i\000l\000i\000t\000y\000\040\000D\000e\000n\000s\000i\000t\000y\000\040\000F\000u\000n\000c\000t\000i\000o\000n\000\051}{section.3.2}% 30
\BOOKMARK [2][-]{subsection.3.2.4}{\376\377\000H\000\340\000m\000\040\000k\000h\036\321\000i\000\040\000x\000\341\000c\000\040\000s\000u\036\245\000t\000\040\000\050\000P\000M\000F\000\040\000-\000\040\000P\000r\000o\000b\000a\000b\000i\000l\000i\000t\000y\000\040\000M\000a\000s\000s\000\040\000F\000u\000n\000c\000t\000i\000o\000n\000\051}{section.3.2}% 31
\BOOKMARK [1][-]{section.3.3}{\376\377\000L\000u\036\255\000t\000\040\000S\036\321\000\040\000L\036\333\000n}{chapter.3}% 32
\BOOKMARK [2][-]{subsection.3.3.1}{\376\377\000L\000u\036\255\000t\000\040\000s\036\321\000\040\000l\036\333\000n\000\040\000y\036\277\000u\000\040\000\050\000W\000e\000a\000k\000\040\000L\000a\000w\000\040\000o\000f\000\040\000L\000a\000r\000g\000e\000\040\000N\000u\000m\000b\000e\000r\000s\000\040\000-\000\040\000W\000L\000L\000N\000\051}{section.3.3}% 33
\BOOKMARK [2][-]{subsection.3.3.2}{\376\377\000L\000u\036\255\000t\000\040\000s\036\321\000\040\000l\036\333\000n\000\040\000m\036\241\000n\000h\000\040\000\050\000S\000t\000r\000o\000n\000g\000\040\000L\000a\000w\000\040\000o\000f\000\040\000L\000a\000r\000g\000e\000\040\000N\000u\000m\000b\000e\000r\000s\000\040\000-\000\040\000S\000L\000L\000N\000\051}{section.3.3}% 34
\BOOKMARK [2][-]{subsection.3.3.3}{\376\377\000V\000\355\000\040\000d\036\345\000\040\000m\000i\000n\000h\000\040\000h\036\315\000a}{section.3.3}% 35
\BOOKMARK [1][-]{section.3.4}{\376\377\000C\000\341\000c\000\040\000l\000u\036\255\000t\000\040\000p\000h\000\342\000n\000\040\000b\036\321\000\040\000x\000\341\000c\000\040\000s\000u\036\245\000t\000\040\000q\000u\000a\000n\000\040\000t\000r\036\315\000n\000g}{chapter.3}% 36
\BOOKMARK [2][-]{subsection.3.4.1}{\376\377\000P\000h\000\342\000n\000\040\000b\036\321\000\040\000n\000h\036\313\000\040\000t\000h\036\351\000c}{section.3.4}% 37
\BOOKMARK [2][-]{subsection.3.4.2}{\376\377\000P\000h\000\342\000n\000\040\000B\036\321\000\040\000P\000o\000i\000s\000s\000o\000n}{section.3.4}% 38
\BOOKMARK [2][-]{subsection.3.4.3}{\376\377\000P\000h\000\342\000n\000\040\000B\036\321\000\040\000C\000h\000u\036\251\000n\000\040\000\050\000G\000a\000u\000s\000s\000\051}{section.3.4}% 39
\BOOKMARK [1][-]{section.3.5}{\376\377\000B\036\255\000c\000\040\000t\036\361\000\040\000d\000o\000\040\000\050\000D\000e\000g\000r\000e\000e\000s\000\040\000o\000f\000\040\000F\000r\000e\000e\000d\000o\000m\000\040\000-\000\040\000D\000o\000F\000\051}{chapter.3}% 40
\BOOKMARK [2][-]{subsection.3.5.1}{\376\377\001\020\036\313\000n\000h\000\040\000n\000g\000h\001\051\000a\000\040\000t\000o\000\341\000n\000\040\000h\036\315\000c\000\040\000c\036\347\000a\000\040\000b\036\255\000c\000\040\000t\036\361\000\040\000d\000o}{section.3.5}% 41
\BOOKMARK [2][-]{subsection.3.5.2}{\376\377\000\335\000\040\000n\000g\000h\001\051\000a\000\040\000t\000r\000o\000n\000g\000\040\001\260\036\333\000c\000\040\000l\001\260\036\343\000n\000g\000\040\000t\000h\036\321\000n\000g\000\040\000k\000\352}{section.3.5}% 42
\BOOKMARK [2][-]{subsection.3.5.3}{\376\377\000B\036\255\000c\000\040\000t\036\361\000\040\000d\000o\000\040\000t\000r\000o\000n\000g\000\040\000k\000i\036\303\000m\000\040\001\021\036\313\000n\000h\000\040\000g\000i\036\243\000\040\000t\000h\000u\000y\036\277\000t}{section.3.5}% 43
\BOOKMARK [2][-]{subsection.3.5.4}{\376\377\000B\036\255\000c\000\040\000t\036\361\000\040\000d\000o\000\040\000t\000r\000o\000n\000g\000\040\000h\036\323\000i\000\040\000q\000u\000y\000\040\000t\000u\000y\036\277\000n\000\040\000t\000\355\000n\000h}{section.3.5}% 44
\BOOKMARK [2][-]{subsection.3.5.5}{\376\377\000T\000\341\000c\000\040\001\021\036\331\000n\000g\000\040\000c\036\347\000a\000\040\000b\036\255\000c\000\040\000t\036\361\000\040\000d\000o\000\040\001\021\036\277\000n\000\040\000p\000h\000\342\000n\000\040\000p\000h\036\321\000i\000\040\000x\000\341\000c\000\040\000s\000u\036\245\000t}{section.3.5}% 45
\BOOKMARK [0][-]{chapter.4}{\376\377\000C\000\341\000c\000\040\000p\000h\001\260\001\241\000n\000g\000\040\000p\000h\000\341\000p\000\040\000p\000h\000\342\000n\000\040\000t\000\355\000c\000h\000\040\000d\036\357\000\040\000l\000i\036\307\000u\000\040\000b\036\261\000n\000g\000\040\000m\000\364\000\040\000h\000\354\000n\000h\000\040\000t\000h\036\321\000n\000g\000\040\000k\000\352}{part.1}% 46
\BOOKMARK [1][-]{section.4.1}{\376\377\000P\000h\001\260\001\241\000n\000g\000\040\000p\000h\000\341\000p\000\040\001\260\036\333\000c\000\040\000l\001\260\036\343\000n\000g\000\040\000t\000h\000a\000m\000\040\000s\036\321\000\040\000\050\000P\000a\000r\000a\000m\000e\000t\000e\000r\000\040\000E\000s\000t\000i\000m\000a\000t\000i\000o\000n\000\051}{chapter.4}% 47
\BOOKMARK [2][-]{subsection.4.1.1}{\376\377\000P\000h\001\260\001\241\000n\000g\000\040\000p\000h\000\341\000p\000\040\000b\000\354\000n\000h\000\040\000q\000u\000\342\000n\000\040\000n\000h\036\317\000\040\000n\000h\036\245\000t\000\040\000\050\000O\000L\000S\000\040\000-\000\040\000O\000r\000d\000i\000n\000a\000r\000y\000\040\000L\000e\000a\000s\000t\000\040\000S\000q\000u\000a\000r\000e\000s\000\051}{section.4.1}% 48
\BOOKMARK [2][-]{subsection.4.1.2}{\376\377\000P\000h\001\260\001\241\000n\000g\000\040\000p\000h\000\341\000p\000\040\000h\036\343\000p\000\040\000l\000\375\000\040\000t\036\321\000i\000\040\001\021\000a\000\040\000\050\000M\000L\000E\000\040\000-\000\040\000M\000a\000x\000i\000m\000u\000m\000\040\000L\000i\000k\000e\000l\000i\000h\000o\000o\000d\000\040\000E\000s\000t\000i\000m\000a\000t\000i\000o\000n\000\051}{section.4.1}% 49
\BOOKMARK [2][-]{subsection.4.1.3}{\376\377\001\257\036\333\000c\000\040\000l\001\260\036\343\000n\000g\000\040\000H\036\255\000u\000\040\000n\000g\000h\000i\036\307\000m\000\040\000T\036\321\000i\000\040\001\021\000a\000\040\000\050\000M\000a\000x\000i\000m\000u\000m\000\040\000A\000\040\000P\000o\000s\000t\000e\000r\000i\000o\000r\000i\000\040\000-\000\040\000M\000A\000P\000\051}{section.4.1}% 50
\BOOKMARK [2][-]{subsection.4.1.4}{\376\377\001\257\036\333\000c\000\040\000l\001\260\036\343\000n\000g\000\040\000B\000a\000y\000e\000s\000\040\001\021\036\247\000y\000\040\001\021\036\347\000\040\000\050\000B\000a\000y\000e\000s\000i\000a\000n\000\040\000E\000s\000t\000i\000m\000a\000t\000i\000o\000n\000\051}{section.4.1}% 51
\BOOKMARK [1][-]{section.4.2}{\376\377\000K\000i\036\303\000m\000\040\001\021\036\313\000n\000h\000\040\000g\000i\036\243\000\040\000t\000h\000u\000y\036\277\000t\000\040\000t\000h\036\321\000n\000g\000\040\000k\000\352\000\040\000\050\000H\000y\000p\000o\000t\000h\000e\000s\000i\000s\000\040\000T\000e\000s\000t\000i\000n\000g\000\051}{chapter.4}% 52
\BOOKMARK [2][-]{subsection.4.2.1}{\376\377\000G\000i\000\341\000\040\000t\000r\036\313\000\040\000p\000\040\000\050\000p\000-\000v\000a\000l\000u\000e\000\051}{section.4.2}% 53
\BOOKMARK [2][-]{subsection.4.2.2}{\376\377\000K\000i\036\303\000m\000\040\001\021\036\313\000n\000h\000\040\000g\000i\036\243\000\040\000t\000h\000u\000y\036\277\000t\000\040\000v\036\301\000\040\000h\036\307\000\040\000s\036\321\000\040\000h\036\323\000i\000\040\000q\000u\000y\000/\000K\000i\036\303\000m\000\040\001\021\036\313\000n\000h\000\040\000t\000\040\000\050\000t\000-\000t\000e\000s\000t\000\051}{section.4.2}% 54
\BOOKMARK [2][-]{subsection.4.2.3}{\376\377\000K\000i\036\303\000m\000\040\001\021\036\313\000n\000h\000\040\000F}{section.4.2}% 55
\BOOKMARK [2][-]{subsection.4.2.4}{\376\377\000K\000i\036\303\000m\000\040\001\021\036\313\000n\000h\000\040\000h\000i\036\307\000n\000\040\000t\001\260\036\343\000n\000g\000\040\000p\000h\001\260\001\241\000n\000g\000\040\000s\000a\000i\000\040\000s\000a\000i\000\040\000s\036\321\000\040\000t\000h\000a\000y\000\040\001\021\036\325\000i\000\040\000\050\000h\000e\000t\000e\000r\000o\000s\000k\000e\000d\000a\000s\000t\000i\000c\000i\000t\000y\000\051}{section.4.2}% 56
\BOOKMARK [2][-]{subsection.4.2.5}{\376\377\000K\000i\036\303\000m\000\040\001\021\036\313\000n\000h\000\040\000t\036\361\000\040\000t\001\260\001\241\000n\000g\000\040\000q\000u\000a\000n}{section.4.2}% 57
\BOOKMARK [-1][-]{part.2}{\376\377\000I\000I\000.\000\040\000M\000\364\000\040\000h\000\354\000n\000h\000\040\000h\036\323\000i\000\040\000q\000u\000y\000\040\000t\000u\000y\036\277\000n\000\040\000t\000\355\000n\000h}{}% 58
\BOOKMARK [0][-]{chapter.5}{\376\377\000M\000\364\000\040\000h\000\354\000n\000h\000\040\000h\036\323\000i\000\040\000q\000u\000y\000\040\000t\000u\000y\036\277\000n\000\040\000t\000i\000n\000h\000\040\001\021\001\241\000n\000\040\000g\000i\036\243\000n}{part.2}% 59
\BOOKMARK [0][-]{chapter.6}{\376\377\000M\000\364\000\040\000h\000\354\000n\000h\000\040\000h\036\323\000i\000\040\000q\000u\000y\000\040\000t\000u\000y\036\277\000n\000\040\000t\000\355\000n\000h\000\040\000v\036\333\000i\000\040\000b\000i\036\277\000n\000\040\000t\000i\000\352\000n\000\040\000l\001\260\036\343\000n\000g\000\040\000p\000h\000\342\000n\000\040\000n\000h\000\363\000m}{part.2}% 60
\BOOKMARK [0][-]{chapter.7}{\376\377\000M\000\364\000\040\000h\000\354\000n\000h\000\040\000h\036\323\000i\000\040\000q\000u\000y\000\040\001\021\000a\000\040\000b\000i\036\277\000n}{part.2}% 61
\BOOKMARK [0][-]{chapter.8}{\376\377\000M\000\364\000\040\000h\000\354\000n\000h\000\040\000h\036\323\000i\000\040\000q\000u\000y\000\040\001\021\000a\000\040\000t\000h\036\351\000c}{part.2}% 62
\BOOKMARK [0][-]{chapter.9}{\376\377\000M\000\364\000\040\000h\000\354\000n\000h\000\040\000h\036\323\000i\000\040\000q\000u\000y\000\040\000v\036\357\000n\000g\000\040\000c\000h\036\257\000c\000\040\000\050\000R\000o\000b\000u\000s\000t\000\040\000R\000e\000g\000r\000e\000s\000s\000i\000o\000n\000\051}{part.2}% 63
\BOOKMARK [0][-]{chapter.10}{\376\377\000M\000\364\000\040\000h\000\354\000n\000h\000\040\000h\036\323\000i\000\040\000q\000u\000y\000\040\001\021\000a\000\040\000b\000i\036\277\000n\000\040\001\021\000a\000\040\000t\000h\036\351\000c\000\040\000\050\000M\000u\000l\000t\000i\000v\000a\000r\000i\000a\000t\000e\000\040\000P\000o\000l\000y\000n\000o\000m\000i\000a\000l\000\040\000R\000e\000g\000r\000e\000s\000s\000i\000o\000n\000\051}{part.2}% 64
\BOOKMARK [-1][-]{part.3}{\376\377\000I\000I\000I\000.\000\040\000M\000\364\000\040\000h\000\354\000n\000h\000\040\000h\036\323\000i\000\040\000q\000u\000y\000\040\000p\000h\000i\000\040\000t\000u\000y\036\277\000n}{}% 65
\BOOKMARK [0][-]{chapter.11}{\376\377\000M\000\364\000\040\000h\000\354\000n\000h\000\040\000h\036\323\000i\000\040\000q\000u\000y\000\040\000h\000\340\000m\000\040\000m\001\151\000\040\000\050\000E\000x\000p\000o\000n\000e\000n\000t\000i\000a\000l\000\040\000R\000e\000g\000r\000e\000s\000s\000i\000o\000n\000\051}{part.3}% 66
\BOOKMARK [0][-]{chapter.12}{\376\377\000M\000\364\000\040\000h\000\354\000n\000h\000\040\000h\036\323\000i\000\040\000q\000u\000y\000\040\000l\000o\000g\000a\000r\000i\000t\000\040\000\050\000L\000o\000g\000a\000r\000i\000t\000h\000m\000i\000c\000\040\000R\000e\000g\000r\000e\000s\000s\000i\000o\000n\000\051}{part.3}% 67
\BOOKMARK [0][-]{chapter.13}{\376\377\000M\000\364\000\040\000h\000\354\000n\000h\000\040\000h\036\323\000i\000\040\000q\000u\000y\000\040\000h\000\340\000m\000\040\000C\000o\000b\000b\000-\000D\000o\000u\000g\000l\000a\000s\000\040\000\050\000C\000o\000b\000b\000-\000D\000o\000u\000g\000l\000a\000s\000\040\000R\000e\000g\000r\000e\000s\000s\000i\000o\000n\000\051}{part.3}% 68
\BOOKMARK [0][-]{chapter.14}{\376\377\000M\000\364\000\040\000h\000\354\000n\000h\000\040\000h\036\323\000i\000\040\000q\000u\000y\000\040\000L\000o\000g\000i\000s\000t\000i\000c\000\040\000\050\000L\000o\000g\000i\000s\000t\000i\000c\000\040\000R\000e\000g\000r\000e\000s\000s\000i\000o\000n\000\051}{part.3}% 69
\BOOKMARK [0][-]{chapter.15}{\376\377\000M\000\364\000\040\000h\000\354\000n\000h\000\040\000h\036\323\000i\000\040\000q\000u\000y\000\040\000P\000r\000o\000b\000i\000t\000\040\000\050\000P\000r\000o\000b\000i\000t\000\040\000R\000e\000g\000r\000e\000s\000s\000i\000o\000n\000\051}{part.3}% 70
\BOOKMARK [0][-]{chapter.16}{\376\377\000M\000\364\000\040\000h\000\354\000n\000h\000\040\000h\036\323\000i\000\040\000q\000u\000y\000\040\000T\000o\000b\000i\000t\000\040\000\050\000T\000o\000b\000i\000t\000\040\000R\000e\000g\000r\000e\000s\000s\000i\000o\000n\000\051}{part.3}% 71
\BOOKMARK [0][-]{chapter.17}{\376\377\000M\000\364\000\040\000h\000\354\000n\000h\000\040\000h\036\323\000i\000\040\000q\000u\000y\000\040\000P\000o\000i\000s\000s\000o\000n\000\040\000\050\000P\000o\000i\000s\000s\000o\000n\000\040\000R\000e\000g\000r\000e\000s\000s\000i\000o\000n\000\051}{part.3}% 72
\BOOKMARK [-1][-]{part.4}{\376\377\000I\000V\000.\000\040\000H\036\323\000i\000\040\000q\000u\000y\000\040\000s\036\321\000n\000g\000\040\000c\000\362\000n\000\040\000\050\000S\000u\000r\000v\000i\000v\000a\000l\000\040\000R\000e\000g\000r\000e\000s\000s\000i\000o\000n\000\051}{}% 73
\BOOKMARK [0][-]{chapter.18}{\376\377\000M\000\364\000\040\000h\000\354\000n\000h\000\040\000h\036\323\000i\000\040\000q\000u\000y\000\040\000C\000o\000x\000\040\000\050\000C\000o\000x\000\040\000P\000r\000o\000p\000o\000r\000t\000i\000o\000n\000a\000l\000\040\000H\000a\000z\000a\000r\000d\000s\000\040\000M\000o\000d\000e\000l\000\051}{part.4}% 74
\BOOKMARK [0][-]{chapter.19}{\376\377\000M\000\364\000\040\000h\000\354\000n\000h\000\040\000W\000e\000i\000b\000u\000l\000l\000\040\000\050\000W\000e\000i\000b\000u\000l\000l\000\040\000R\000e\000g\000r\000e\000s\000s\000i\000o\000n\000\040\000M\000o\000d\000e\000l\000\051}{part.4}% 75
\BOOKMARK [0][-]{chapter.20}{\376\377\000M\000\364\000\040\000h\000\354\000n\000h\000\040\000h\036\323\000i\000\040\000q\000u\000y\000\040\000L\000o\000g\000-\000l\000o\000g\000i\000s\000t\000i\000c\000\040\000\050\000L\000o\000g\000-\000l\000o\000g\000i\000s\000t\000i\000c\000\040\000R\000e\000g\000r\000e\000s\000s\000i\000o\000n\000\040\000M\000o\000d\000e\000l\000\051}{part.4}% 76
\BOOKMARK [0][-]{chapter.21}{\376\377\000M\000\364\000\040\000h\000\354\000n\000h\000\040\000h\036\323\000i\000\040\000q\000u\000y\000\040\000G\000a\000m\000m\000a\000\040\000\050\000G\000a\000m\000m\000a\000\040\000R\000e\000g\000r\000e\000s\000s\000i\000o\000n\000\040\000M\000o\000d\000e\000l\000\051}{part.4}% 77
\BOOKMARK [0][-]{chapter.22}{\376\377\000M\000\364\000\040\000h\000\354\000n\000h\000\040\000h\036\323\000i\000\040\000q\000u\000y\000\040\000h\036\327\000n\000\040\000h\036\343\000p\000\040\000\050\000F\000r\000a\000i\000l\000t\000y\000\040\000M\000o\000d\000e\000l\000s\000\051}{part.4}% 78
\BOOKMARK [-1][-]{part.5}{\376\377\000V\000.\000\040\001\257\036\333\000c\000\040\000l\001\260\036\343\000n\000g\000\040\000B\000a\000y\000e\000s\000i\000a\000n}{}% 79
\BOOKMARK [0][-]{chapter.23}{\376\377\000G\000i\036\333\000i\000\040\000t\000h\000i\036\307\000u\000\040\000v\036\301\000\040\001\257\036\333\000c\000\040\000l\001\260\036\343\000n\000g\000\040\000B\000a\000y\000e\000s\000i\000a\000n}{part.5}% 80
\BOOKMARK [0][-]{chapter.24}{\376\377\000P\000h\000\342\000n\000\040\000p\000h\036\321\000i\000\040\000t\000r\001\260\036\333\000c\000,\000\040\000p\000h\000\342\000n\000\040\000p\000h\036\321\000i\000\040\000h\036\255\000u\000\040\000n\000g\000h\000i\036\307\000m\000\040\000v\000\340\000\040\000q\000u\000y\000\040\000t\000r\000\354\000n\000h\000\040\000t\000\355\000n\000h\000\040\000t\000o\000\341\000n}{part.5}% 81
\BOOKMARK [0][-]{chapter.25}{\376\377\001\257\036\333\000c\000\040\000l\001\260\036\343\000n\000g\000\040\000B\000a\000y\000e\000s\000i\000a\000n\000\040\000t\000r\000o\000n\000g\000\040\000m\000\364\000\040\000h\000\354\000n\000h\000\040\000h\036\323\000i\000\040\000q\000u\000y}{part.5}% 82
\BOOKMARK [0][-]{chapter.26}{\376\377\000M\000C\000M\000C\000\040\000v\000\340\000\040\036\351\000n\000g\000\040\000d\036\345\000n\000g\000\040\000t\000r\000o\000n\000g\000\040\000m\000\364\000\040\000h\000\354\000n\000h\000\040\000k\000i\000n\000h\000\040\000t\036\277\000\040\000l\001\260\036\343\000n\000g}{part.5}% 83
\BOOKMARK [0][-]{chapter.27}{\376\377\000C\000\341\000c\000\040\036\351\000n\000g\000\040\000d\036\345\000n\000g\000\040\000t\000h\036\361\000c\000\040\000t\036\277\000\040\000v\000\340\000\040\000v\000\355\000\040\000d\036\345\000\040\000m\000i\000n\000h\000\040\000h\036\315\000a}{part.5}% 84
\BOOKMARK [-1][-]{part.6}{\376\377\000V\000I\000.\000\040\000P\000h\000\342\000n\000\040\000t\000\355\000c\000h\000\040\000d\036\357\000\040\000l\000i\036\307\000u\000\040\000c\000h\000u\036\327\000i\000\040\000t\000h\036\335\000i\000\040\000g\000i\000a\000n\000\040\000\050\000T\000i\000m\000e\000\040\000S\000e\000r\000i\000e\000s\000\040\000D\000a\000t\000a\000\051}{}% 85
\BOOKMARK [0][-]{chapter.28}{\376\377\000T\036\325\000n\000g\000\040\000q\000u\000a\000n\000\040\000v\036\301\000\040\000c\000h\000u\036\327\000i\000\040\000t\000h\036\335\000i\000\040\000g\000i\000a\000n}{part.6}% 86
\BOOKMARK [1][-]{section.28.1}{\376\377\000C\000\341\000c\000\040\000k\000h\000\341\000i\000\040\000n\000i\036\307\000m\000\040\000c\001\241\000\040\000b\036\243\000n\000:\000\040\000t\000\355\000n\000h\000\040\000d\036\353\000n\000g\000,\000\040\000t\036\361\000\040\000t\001\260\001\241\000n\000g\000\040\000q\000u\000a\000n\000,\000\040\000m\000\371\000a\000\040\000v\036\345}{chapter.28}% 87
\BOOKMARK [1][-]{section.28.2}{\376\377\000B\000i\036\303\000u\000\040\000d\000i\036\305\000n\000\040\000v\000\340\000\040\000p\000h\000\342\000n\000\040\000t\000\355\000c\000h\000\040\000d\036\357\000\040\000l\000i\036\307\000u\000\040\000c\000h\000u\036\327\000i\000\040\000t\000h\036\335\000i\000\040\000g\000i\000a\000n}{chapter.28}% 88
\BOOKMARK [0][-]{chapter.29}{\376\377\000M\000\364\000\040\000h\000\354\000n\000h\000\040\000A\000R\000I\000M\000A\000\040\000v\000\340\000\040\000c\000\341\000c\000\040\000b\000i\036\277\000n\000\040\000t\000h\036\303}{part.6}% 89
\BOOKMARK [1][-]{section.29.1}{\376\377\000M\000\364\000\040\000h\000\354\000n\000h\000\040\000A\000R\000,\000\040\000M\000A\000,\000\040\000A\000R\000M\000A\000,\000\040\000A\000R\000I\000M\000A}{chapter.29}% 90
\BOOKMARK [1][-]{section.29.2}{\376\377\000P\000h\001\260\001\241\000n\000g\000\040\000p\000h\000\341\000p\000\040\000c\000h\036\315\000n\000\040\000b\036\255\000c\000\040\000m\000\364\000\040\000h\000\354\000n\000h\000\040\000t\036\321\000i\000\040\001\260\000u\000\040\000\050\000A\000I\000C\000,\000\040\000B\000I\000C\000\051}{chapter.29}% 91
\BOOKMARK [1][-]{section.29.3}{\376\377\000D\036\361\000\040\000b\000\341\000o\000\040\000b\036\261\000n\000g\000\040\000A\000R\000I\000M\000A}{chapter.29}% 92
\BOOKMARK [0][-]{chapter.30}{\376\377\000M\000\364\000\040\000h\000\354\000n\000h\000\040\000A\000R\000C\000H\000/\000G\000A\000R\000C\000H}{part.6}% 93
\BOOKMARK [1][-]{section.30.1}{\376\377\000B\000i\036\277\000n\000\040\001\021\036\331\000n\000g\000\040\000t\000\340\000i\000\040\000c\000h\000\355\000n\000h\000\040\000v\000\340\000\040\000m\000\364\000\040\000h\000\354\000n\000h\000\040\000A\000R\000C\000H\000/\000G\000A\000R\000C\000H}{chapter.30}% 94
\BOOKMARK [1][-]{section.30.2}{\376\377\001\257\036\333\000c\000\040\000l\001\260\036\343\000n\000g\000\040\000t\000h\000a\000m\000\040\000s\036\321\000\040\000v\000\340\000\040\000d\036\361\000\040\000b\000\341\000o\000\040\000b\000i\036\277\000n\000\040\001\021\036\331\000n\000g}{chapter.30}% 95
\BOOKMARK [-1][-]{part.7}{\376\377\000V\000I\000I\000.\000\040\000K\000i\000n\000h\000\040\000t\036\277\000\040\000l\001\260\036\343\000n\000g\000\040\000k\000h\000\364\000n\000g\000\040\000g\000i\000a\000n\000\040\000\050\000S\000p\000a\000t\000i\000a\000l\000\040\000E\000c\000o\000n\000o\000m\000e\000t\000r\000i\000c\000s\000\051}{}% 96
\BOOKMARK [0][-]{chapter.31}{\376\377\000T\036\325\000n\000g\000\040\000q\000u\000a\000n\000\040\000v\036\301\000\040\000k\000i\000n\000h\000\040\000t\036\277\000\040\000l\001\260\036\343\000n\000g\000\040\000k\000h\000\364\000n\000g\000\040\000g\000i\000a\000n}{part.7}% 97
\BOOKMARK [1][-]{section.31.1}{\376\377\000D\036\357\000\040\000l\000i\036\307\000u\000\040\000k\000h\000\364\000n\000g\000\040\000g\000i\000a\000n\000\040\000v\000\340\000\040\036\351\000n\000g\000\040\000d\036\345\000n\000g}{chapter.31}% 98
\BOOKMARK [1][-]{section.31.2}{\376\377\000K\000i\036\303\000m\000\040\001\021\036\313\000n\000h\000\040\000t\000\355\000n\000h\000\040\000k\000h\000\364\000n\000g\000\040\000g\000i\000a\000n\000\040\000c\036\347\000a\000\040\000d\036\357\000\040\000l\000i\036\307\000u}{chapter.31}% 99
\BOOKMARK [0][-]{chapter.32}{\376\377\000M\000\364\000\040\000h\000\354\000n\000h\000\040\000h\036\323\000i\000\040\000q\000u\000y\000\040\000k\000h\000\364\000n\000g\000\040\000g\000i\000a\000n}{part.7}% 100
\BOOKMARK [1][-]{section.32.1}{\376\377\000S\000p\000a\000t\000i\000a\000l\000\040\000A\000u\000t\000o\000r\000e\000g\000r\000e\000s\000s\000i\000v\000e\000\040\000M\000o\000d\000e\000l\000\040\000\050\000S\000A\000R\000\051}{chapter.32}% 101
\BOOKMARK [1][-]{section.32.2}{\376\377\000S\000p\000a\000t\000i\000a\000l\000\040\000E\000r\000r\000o\000r\000\040\000M\000o\000d\000e\000l\000\040\000\050\000S\000E\000M\000\051}{chapter.32}% 102
\BOOKMARK [1][-]{section.32.3}{\376\377\000S\000p\000a\000t\000i\000a\000l\000\040\000D\000u\000r\000b\000i\000n\000\040\000M\000o\000d\000e\000l\000\040\000\050\000S\000D\000M\000\051}{chapter.32}% 103
\BOOKMARK [-1][-]{part.8}{\376\377\000V\000I\000I\000I\000.\000\040\000M\000a\000c\000h\000i\000n\000e\000\040\000L\000e\000a\000r\000n\000i\000n\000g\000\040\000t\000r\000o\000n\000g\000\040\000k\000i\000n\000h\000\040\000t\036\277\000\040\000l\001\260\036\343\000n\000g}{}% 104
\BOOKMARK [0][-]{chapter.33}{\376\377\000C\000\341\000c\000\040\000p\000h\001\260\001\241\000n\000g\000\040\000p\000h\000\341\000p\000\040\000M\000a\000c\000h\000i\000n\000e\000\040\000L\000e\000a\000r\000n\000i\000n\000g\000\040\000t\000r\000o\000n\000g\000\040\000K\000i\000n\000h\000\040\000t\036\277\000\040\000l\001\260\036\343\000n\000g}{part.8}% 105
\BOOKMARK [1][-]{section.33.1}{\376\377\000G\000i\036\333\000i\000\040\000t\000h\000i\036\307\000u\000\040\000v\036\301\000\040\000M\000a\000c\000h\000i\000n\000e\000\040\000L\000e\000a\000r\000n\000i\000n\000g\000\040\000t\000r\000o\000n\000g\000\040\000K\000i\000n\000h\000\040\000t\036\277\000\040\000l\001\260\036\343\000n\000g}{chapter.33}% 106
\BOOKMARK [1][-]{section.33.2}{\376\377\000H\036\323\000i\000\040\000q\000u\000y\000\040\000t\000u\000y\036\277\000n\000\040\000t\000\355\000n\000h\000\040\000m\036\337\000\040\000r\036\331\000n\000g\000:\000\040\000R\000i\000d\000g\000e\000,\000\040\000L\000a\000s\000s\000o\000,\000\040\000E\000l\000a\000s\000t\000i\000c\000\040\000N\000e\000t}{chapter.33}% 107
\BOOKMARK [1][-]{section.33.3}{\376\377\000M\000\364\000\040\000h\000\354\000n\000h\000\040\000c\000\342\000y\000\040\000q\000u\000y\036\277\000t\000\040\001\021\036\313\000n\000h\000\040\000v\000\340\000\040\000b\000o\000o\000s\000t\000i\000n\000g\000\040\000\050\000R\000a\000n\000d\000o\000m\000\040\000F\000o\000r\000e\000s\000t\000,\000\040\000X\000G\000B\000o\000o\000s\000t}{chapter.33}% 108
\BOOKMARK [1][-]{section.33.4}{\376\377\000M\000a\000c\000h\000i\000n\000e\000\040\000L\000e\000a\000r\000n\000i\000n\000g\000\040\000n\000h\000\342\000n\000\040\000q\000u\036\243\000:\000\040\000D\000o\000u\000b\000l\000e\000\040\000M\000L\000,\000\040\000C\000a\000u\000s\000a\000l\000\040\000I\000n\000f\000e\000r\000e\000n\000c\000e}{chapter.33}% 109
\BOOKMARK [1][-]{section.33.5}{\376\377\000D\000e\000e\000p\000\040\000L\000e\000a\000r\000n\000i\000n\000g\000\040\000t\000r\000o\000n\000g\000\040\000p\000h\000\342\000n\000\040\000t\000\355\000c\000h\000\040\000k\000i\000n\000h\000\040\000t\036\277}{chapter.33}% 110
\BOOKMARK [0][-]{chapter.34}{\376\377\000X\036\355\000\040\000l\000\375\000\040\000d\036\357\000\040\000l\000i\036\307\000u\000\040\000l\036\333\000n\000\040\000t\000r\000o\000n\000g\000\040\000K\000i\000n\000h\000\040\000t\036\277\000\040\000l\001\260\036\343\000n\000g}{part.8}% 111
\BOOKMARK [1][-]{section.34.1}{\376\377\000T\000i\036\301\000n\000\040\000x\036\355\000\040\000l\000\375\000\040\000d\036\357\000\040\000l\000i\036\307\000u\000\040\000k\000i\000n\000h\000\040\000t\036\277\000\040\000\050\000m\000i\000s\000s\000i\000n\000g\000\040\000d\000a\000t\000a\000,\000\040\000o\000u\000t\000l\000i\000e\000r\000s\000,\000\040\000s\000c\000a\000l\000i\000n\000g\000\051}{chapter.34}% 112
\BOOKMARK [1][-]{section.34.2}{\376\377\000C\000h\036\315\000n\000\040\000b\000i\036\277\000n\000\040\000v\000\340\000\040\000g\000i\036\243\000m\000\040\000c\000h\000i\036\301\000u\000\040\000d\036\357\000\040\000l\000i\036\307\000u\000\040\000\050\000P\000C\000A\000,\000\040\000F\000e\000a\000t\000u\000r\000e\000\040\000S\000e\000l\000e\000c\000t\000i\000o\000n\000\051}{chapter.34}% 113
\BOOKMARK [1][-]{section.34.3}{\376\377\000X\036\355\000\040\000l\000\375\000\040\000d\036\357\000\040\000l\000i\036\307\000u\000\040\000b\036\243\000n\000g\000\040\000\050\000p\000a\000n\000e\000l\000\040\000d\000a\000t\000a\000\051\000\040\000b\036\261\000n\000g\000\040\000M\000L}{chapter.34}% 114
\BOOKMARK [1][-]{section.34.4}{\376\377\000D\036\357\000\040\000l\000i\036\307\000u\000\040\000t\000h\036\335\000i\000\040\000g\000i\000a\000n\000\040\000t\000h\036\361\000c\000\040\000v\000\340\000\040\000v\036\245\000n\000\040\001\021\036\301\000\040\000x\036\355\000\040\000l\000\375\000\040\000d\036\357\000\040\000l\000i\036\307\000u\000\040\000l\036\333\000n}{chapter.34}% 115
\BOOKMARK [0][-]{chapter.35}{\376\377\000H\036\323\000i\000\040\000q\000u\000y\000\040\000v\000\340\000\040\000D\036\361\000\040\000b\000\341\000o\000\040\000v\036\333\000i\000\040\000M\000a\000c\000h\000i\000n\000e\000\040\000L\000e\000a\000r\000n\000i\000n\000g}{part.8}% 116
\BOOKMARK [1][-]{section.35.1}{\376\377\000S\000o\000\040\000s\000\341\000n\000h\000\040\000h\036\323\000i\000\040\000q\000u\000y\000\040\000t\000r\000u\000y\036\301\000n\000\040\000t\000h\036\321\000n\000g\000\040\000v\036\333\000i\000\040\000M\000L}{chapter.35}% 117
\BOOKMARK [1][-]{section.35.2}{\376\377\000M\000\364\000\040\000h\000\354\000n\000h\000\040\000X\000G\000B\000o\000o\000s\000t\000,\000\040\000R\000a\000n\000d\000o\000m\000\040\000F\000o\000r\000e\000s\000t\000\040\000v\000\340\000\040\000h\036\323\000i\000\040\000q\000u\000y\000\040\000p\000h\000i\000\040\000t\000u\000y\036\277\000n}{chapter.35}% 118
\BOOKMARK [1][-]{section.35.3}{\376\377\001\020\000\341\000n\000h\000\040\000g\000i\000\341\000\040\000m\000\364\000\040\000h\000\354\000n\000h\000\040\000d\036\361\000\040\000b\000\341\000o\000\040\000\050\000M\000A\000P\000E\000,\000\040\000R\000M\000S\000E\000,\000\040\000R\000-\000s\000q\000u\000a\000r\000e\000d\000\051}{chapter.35}% 119
\BOOKMARK [1][-]{section.35.4}{\376\377\000M\000L\000\040\000v\000\340\000\040\000c\000\341\000c\000\040\000p\000h\001\260\001\241\000n\000g\000\040\000p\000h\000\341\000p\000\040\000B\000a\000y\000e\000s\000\040\000t\000r\000o\000n\000g\000\040\000d\036\361\000\040\000b\000\341\000o\000\040\000k\000i\000n\000h\000\040\000t\036\277\000\040\000l\001\260\036\343\000n\000g}{chapter.35}% 120
\BOOKMARK [0][-]{chapter.36}{\376\377\000M\000a\000c\000h\000i\000n\000e\000\040\000L\000e\000a\000r\000n\000i\000n\000g\000\040\000t\000r\000o\000n\000g\000\040\000p\000h\000\342\000n\000\040\000t\000\355\000c\000h\000\040\000n\000h\000\342\000n\000\040\000q\000u\036\243\000\040\000v\000\340\000\040\000c\000h\000\355\000n\000h\000\040\000s\000\341\000c\000h}{part.8}% 121
\BOOKMARK [1][-]{section.36.1}{\376\377\000M\000a\000c\000h\000i\000n\000e\000\040\000L\000e\000a\000r\000n\000i\000n\000g\000\040\000n\000h\000\342\000n\000\040\000q\000u\036\243\000\040\000\050\000C\000a\000u\000s\000a\000l\000\040\000F\000o\000r\000e\000s\000t\000,\000\040\000D\000o\000u\000b\000l\000e\000\040\000M\000L\000\051}{chapter.36}% 122
\BOOKMARK [1][-]{section.36.2}{\376\377\000X\000\341\000c\000\040\001\021\036\313\000n\000h\000\040\000t\000\341\000c\000\040\001\021\036\331\000n\000g\000\040\000c\000h\000\355\000n\000h\000\040\000s\000\341\000c\000h\000\040\000b\036\261\000n\000g\000\040\000M\000L}{chapter.36}% 123
\BOOKMARK [1][-]{section.36.3}{\376\377\000K\000i\036\303\000m\000\040\001\021\036\313\000n\000h\000\040\000g\000i\036\243\000\040\000t\000h\000u\000y\036\277\000t\000\040\000v\000\340\000\040\000M\000L\000\040\000t\000r\000o\000n\000g\000\040\000p\000h\000\342\000n\000\040\000t\000\355\000c\000h\000\040\000c\000h\000\355\000n\000h\000\040\000s\000\341\000c\000h}{chapter.36}% 124
\BOOKMARK [0][-]{chapter.37}{\376\377\000M\000a\000c\000h\000i\000n\000e\000\040\000L\000e\000a\000r\000n\000i\000n\000g\000\040\000t\000r\000o\000n\000g\000\040\000p\000h\000\342\000n\000\040\000t\000\355\000c\000h\000\040\000d\036\357\000\040\000l\000i\036\307\000u\000\040\000b\036\243\000n\000g\000\040\000\050\000P\000a\000n\000e\000l\000\040\000D\000a\000t\000a\000\051}{part.8}% 125
\BOOKMARK [1][-]{section.37.1}{\376\377\000X\036\355\000\040\000l\000\375\000\040\000d\036\357\000\040\000l\000i\036\307\000u\000\040\000b\036\243\000n\000g\000\040\000l\036\333\000n\000\040\000v\036\333\000i\000\040\000M\000L}{chapter.37}% 126
\BOOKMARK [1][-]{section.37.2}{\376\377\000S\000o\000\040\000s\000\341\000n\000h\000\040\000F\000i\000x\000e\000d\000\040\000E\000f\000f\000e\000c\000t\000s\000,\000\040\000R\000a\000n\000d\000o\000m\000\040\000E\000f\000f\000e\000c\000t\000s\000\040\000v\036\333\000i\000\040\000M\000L}{chapter.37}% 127
\BOOKMARK [1][-]{section.37.3}{\376\377\036\350\000n\000g\000\040\000d\036\345\000n\000g\000\040\000M\000L\000\040\000v\000\340\000o\000\040\000p\000h\000\342\000n\000\040\000t\000\355\000c\000h\000\040\000t\000\341\000c\000\040\001\021\036\331\000n\000g\000\040\000t\000h\000e\000o\000\040\000t\000h\036\335\000i\000\040\000g\000i\000a\000n}{chapter.37}% 128
\BOOKMARK [0][-]{chapter.38}{\376\377\000M\000a\000c\000h\000i\000n\000e\000\040\000L\000e\000a\000r\000n\000i\000n\000g\000\040\000t\000r\000o\000n\000g\000\040\000p\000h\000\342\000n\000\040\000t\000\355\000c\000h\000\040\000d\036\357\000\040\000l\000i\036\307\000u\000\040\000c\000h\000u\036\327\000i\000\040\000t\000h\036\335\000i\000\040\000g\000i\000a\000n}{part.8}% 129
\BOOKMARK [1][-]{section.38.1}{\376\377\000M\000\364\000\040\000h\000\354\000n\000h\000\040\000h\000\363\000a\000\040\000d\036\357\000\040\000l\000i\036\307\000u\000\040\000c\000h\000u\036\327\000i\000\040\000t\000h\036\335\000i\000\040\000g\000i\000a\000n\000\040\000b\036\261\000n\000g\000\040\000M\000L}{chapter.38}% 130
\BOOKMARK [1][-]{section.38.2}{\376\377\000S\000o\000\040\000s\000\341\000n\000h\000\040\000A\000R\000I\000M\000A\000,\000\040\000V\000A\000R\000\040\000v\036\333\000i\000\040\000M\000L\000\040\000\050\000X\000G\000B\000o\000o\000s\000t\000,\000\040\000L\000S\000T\000M\000\051}{chapter.38}% 131
\BOOKMARK [1][-]{section.38.3}{\376\377\000P\000h\000\341\000t\000\040\000h\000i\036\307\000n\000\040\000x\000u\000\040\000h\001\260\036\333\000n\000g\000\040\000v\000\340\000\040\000c\000\372\000\040\000s\036\321\000c\000\040\000k\000i\000n\000h\000\040\000t\036\277\000\040\000b\036\261\000n\000g\000\040\000M\000L}{chapter.38}% 132
\BOOKMARK [-1][-]{part.9}{\376\377\000I\000X\000.\000\040\000P\000h\001\260\001\241\000n\000g\000\040\000p\000h\000\341\000p\000\040\000M\000o\000n\000t\000e\000\040\000C\000a\000r\000l\000o\000\040\000v\000\340\000\040\000m\000\364\000\040\000p\000h\036\317\000n\000g}{}% 133
\BOOKMARK [0][-]{chapter.39}{\376\377\036\350\000n\000g\000\040\000d\036\345\000n\000g\000\040\000m\000\364\000\040\000p\000h\036\317\000n\000g\000\040\000t\000r\000o\000n\000g\000\040\000k\000i\000n\000h\000\040\000t\036\277}{part.9}% 134
\BOOKMARK [1][-]{section.39.1}{\376\377\000M\000\364\000\040\000p\000h\036\317\000n\000g\000\040\000d\036\357\000\040\000l\000i\036\307\000u\000\040\000k\000i\000n\000h\000\040\000t\036\277\000\040\000l\001\260\036\343\000n\000g}{chapter.39}% 135
\BOOKMARK [2][-]{subsection.39.1.1}{\376\377\000M\000\364\000\040\000h\000\354\000n\000h\000\040\000t\036\325\000n\000g\000\040\000q\000u\000\341\000t}{section.39.1}% 136
\BOOKMARK [2][-]{subsection.39.1.2}{\376\377\000M\000\364\000\040\000p\000h\036\317\000n\000g\000\040\000d\036\357\000\040\000l\000i\036\307\000u\000\040\000b\036\261\000n\000g\000\040\000p\000h\001\260\001\241\000n\000g\000\040\000p\000h\000\341\000p\000\040\000M\000o\000n\000t\000e\000\040\000C\000a\000r\000l\000o}{section.39.1}% 137
\BOOKMARK [2][-]{subsection.39.1.3}{\376\377\001\020\000\341\000n\000h\000\040\000g\000i\000\341\000\040\000t\000\355\000n\000h\000\040\036\325\000n\000\040\001\021\036\313\000n\000h\000\040\000c\036\347\000a\000\040\001\260\036\333\000c\000\040\000l\001\260\036\343\000n\000g}{section.39.1}% 138
\BOOKMARK [1][-]{section.39.2}{\376\377\000M\000\364\000\040\000h\000\354\000n\000h\000\040\000d\036\361\000\040\000b\000\341\000o\000\040\000t\000\340\000i\000\040\000c\000h\000\355\000n\000h\000\040\000b\036\261\000n\000g\000\040\000m\000\364\000\040\000p\000h\036\317\000n\000g\000\040\000-\000\040\000M\000i\000n\000h\000\040\000h\036\315\000a\000\040\000v\036\333\000i\000\040\000t\000r\001\260\036\335\000n\000g\000\040\000h\036\343\000p\000\040\000m\000\364\000\040\000p\000h\036\317\000n\000g\000\040\000g\000i\000\341\000\040\000c\036\325\000\040\000p\000h\000i\036\277\000u\000\040\000b\036\261\000n\000g\000\040\000A\000R\000I\000M\000A\000\040\000+\000\040\000M\000o\000n\000t\000e\000\040\000C\000a\000r\000l\000o}{chapter.39}% 139
\BOOKMARK [2][-]{subsection.39.2.1}{\376\377\000G\000i\036\333\000i\000\040\000t\000h\000i\036\307\000u\000\040\000p\000h\001\260\001\241\000n\000g\000\040\000p\000h\000\341\000p}{section.39.2}% 140
\BOOKMARK [2][-]{subsection.39.2.2}{\376\377\000M\000\364\000\040\000h\000\354\000n\000h\000\040\000A\000R\000I\000M\000A}{section.39.2}% 141
\BOOKMARK [2][-]{subsection.39.2.3}{\376\377\000M\000\364\000\040\000p\000h\036\317\000n\000g\000\040\000M\000o\000n\000t\000e\000\040\000C\000a\000r\000l\000o\000\040\000d\036\361\000a\000\040\000t\000r\000\352\000n\000\040\000A\000R\000I\000M\000A}{section.39.2}% 142
\BOOKMARK [0][-]{chapter.40}{\376\377\000G\000i\036\333\000i\000\040\000t\000h\000i\036\307\000u\000\040\000p\000h\001\260\001\241\000n\000g\000\040\000p\000h\000\341\000p\000\040\000M\000o\000n\000t\000e\000\040\000C\000a\000r\000l\000o}{part.9}% 143
\BOOKMARK [1][-]{section.40.1}{\376\377\000T\036\325\000n\000g\000\040\000q\000u\000a\000n\000\040\000v\036\301\000\040\000p\000h\001\260\001\241\000n\000g\000\040\000p\000h\000\341\000p\000\040\000M\000o\000n\000t\000e\000\040\000C\000a\000r\000l\000o}{chapter.40}% 144
\BOOKMARK [1][-]{section.40.2}{\376\377\000M\000\364\000\040\000p\000h\036\317\000n\000g\000\040\000M\000o\000n\000t\000e\000\040\000C\000a\000r\000l\000o\000\040\000t\000r\000o\000n\000g\000\040\000k\000i\036\303\000m\000\040\001\021\036\313\000n\000h\000\040\000g\000i\036\243\000\040\000t\000h\000u\000y\036\277\000t\000\040\000k\000i\000n\000h\000\040\000t\036\277\000\040\000l\001\260\036\343\000n\000g}{chapter.40}% 145
\BOOKMARK [2][-]{subsection.40.2.1}{\376\377\000M\000\364\000\040\000t\036\243\000\040\000q\000u\000y\000\040\000t\000r\000\354\000n\000h\000\040\000M\000o\000n\000t\000e\000\040\000C\000a\000r\000l\000o}{section.40.2}% 146
\BOOKMARK [2][-]{subsection.40.2.2}{\376\377\000T\000\355\000n\000h\000\040\000c\000h\036\307\000c\000h\000\040\000v\000\340\000\040\000p\000h\001\260\001\241\000n\000g\000\040\000s\000a\000i\000\040\000c\036\347\000a\000\040\001\260\036\333\000c\000\040\000l\001\260\036\343\000n\000g}{section.40.2}% 147
\BOOKMARK [2][-]{subsection.40.2.3}{\376\377\036\350\000n\000g\000\040\000d\036\345\000n\000g\000\040\000t\000r\000o\000n\000g\000\040\000k\000i\036\303\000m\000\040\001\021\036\313\000n\000h\000\040\000g\000i\036\243\000\040\000t\000h\000u\000y\036\277\000t}{section.40.2}% 148
